#
# A fatal error has been detected by the Java Runtime Environment:
#
#  EXCEPTION_ACCESS_VIOLATION (0xc0000005) at pc=0x617493cd, pid=3280, tid=0x000020c0
#
# JRE version: Java(TM) SE Runtime Environment (8.0_92-b14) (build 1.8.0_92-b14)
# Java VM: Java HotSpot(TM) Client VM (25.92-b14 mixed mode windows-x86 )
# Problematic frame:
# C  [listSerialsj.dll+0x93cd]
#
# Failed to write core dump. Minidumps are not enabled by default on client versions of Windows
#
# If you would like to submit a bug report, please visit:
#   http://bugreport.java.com/bugreport/crash.jsp
# The crash happened outside the Java Virtual Machine in native code.
# See problematic frame for where to report the bug.
#

---------------  T H R E A D  ---------------

Current thread (0x275ee000):  JavaThread "cc.arduino.packages.discoverers.serial.SerialBoardsLister" [_thread_in_native, id=8384, stack(0x02ca0000,0x02cf0000)]

siginfo: ExceptionCode=0xc0000005, writing address 0x00000000

Registers:
EAX=0x00000000, EBX=0x00001174, ECX=0x00000000, EDX=0x00000001
ESP=0x02cef150, EBP=0x02cef5a8, ESI=0x00000001, EDI=0x2927f030
EIP=0x617493cd, EFLAGS=0x00010246

Top of Stack: (sp=0x02cef150)
0x02cef150:   28ebfaf8 0000002e 00000002 00000000
0x02cef160:   00000003 00000000 00000000 00000000
0x02cef170:   02cef17c 02cef268 0000006c 76d8a540
0x02cef180:   28eb5da0 00cef198 2927f3d0 000000a7
0x02cef190:   02cef860 02cef1e4 0000003c 00000200
0x02cef1a0:   00000001 0000006c 0000004e 00000088
0x02cef1b0:   0088f250 00000000 354d4f43 00cef800
0x02cef1c0:   00425355 26006d65 6ca6c57e 000000ae 

Instructions: (pc=0x617493cd)
0x617493ad:   8b 45 08 8b 90 94 00 00 00 85 d2 74 16 8b 40 2c
0x617493bd:   c7 44 24 04 2e 00 00 00 89 04 24 e8 73 14 00 00
0x617493cd:   c6 00 00 8d 85 04 fc ff ff 89 44 24 18 8d 85 0a
0x617493dd:   fc ff ff 89 44 24 10 a1 e4 01 75 61 c7 85 04 fc 


Register to memory mapping:

EAX=0x00000000 is an unknown value
EBX=0x00001174 is an unknown value
ECX=0x00000000 is an unknown value
EDX=0x00000001 is an unknown value
ESP=0x02cef150 is pointing into the stack for thread: 0x275ee000
EBP=0x02cef5a8 is pointing into the stack for thread: 0x275ee000
ESI=0x00000001 is an unknown value
EDI=0x2927f030 is an unknown value


Stack: [0x02ca0000,0x02cf0000],  sp=0x02cef150,  free space=316k
Native frames: (J=compiled Java code, j=interpreted, Vv=VM code, C=native code)
C  [listSerialsj.dll+0x93cd]
C  [listSerialsj.dll+0x2211]

Java frames: (J=compiled Java code, j=interpreted, Vv=VM code)
j  processing.app.Platform.listSerialsNative()[Ljava/lang/String;+0
j  processing.app.Platform.listSerials()Ljava/util/List;+5
j  cc.arduino.packages.discoverers.serial.SerialBoardsLister.retriggerDiscovery(Z)V+22
j  cc.arduino.packages.discoverers.serial.SerialBoardsLister.run()V+9
J 3376% C1 java.util.TimerThread.mainLoop()V (232 bytes) @ 0x03112894 [0x03112460+0x434]
j  java.util.TimerThread.run()V+1
v  ~StubRoutines::call_stub

---------------  P R O C E S S  ---------------

Java Threads: ( => current thread )
  0x2775cc00 JavaThread "DestroyJavaVM" [_thread_blocked, id=8196, stack(0x029c0000,0x02a10000)]
  0x27760800 JavaThread "TimerQueue" daemon [_thread_blocked, id=2104, stack(0x293a0000,0x293f0000)]
  0x2775ec00 JavaThread "Batik CleanerThread" daemon [_thread_blocked, id=9568, stack(0x28740000,0x28790000)]
  0x2764d800 JavaThread "AWT-EventQueue-0" [_thread_blocked, id=9644, stack(0x28670000,0x286c0000)]
  0x2764e400 JavaThread "AWT-Shutdown" [_thread_blocked, id=9516, stack(0x285e0000,0x28630000)]
  0x2764ec00 JavaThread "JmDNS(fe80:0:0:0:8018:7268:25b4:201%eth1.local.).Timer" daemon [_thread_blocked, id=9460, stack(0x28450000,0x284a0000)]
  0x27650800 JavaThread "JmDNS(fe80:0:0:0:8018:7268:25b4:201%eth1.local.).State.Timer" [_thread_blocked, id=10016, stack(0x283c0000,0x28410000)]
  0x2764f000 JavaThread "JmDNS(fe80:0:0:0:8018:7268:25b4:201%eth1.local.).Timer" daemon [_thread_blocked, id=9356, stack(0x28330000,0x28380000)]
  0x2764fc00 JavaThread "SocketListener(fe80:0:0:0:8018:7268:25b4:201%eth1.local.)" daemon [_thread_in_native, id=10136, stack(0x282a0000,0x282f0000)]
  0x2764f800 JavaThread "JmDNS(172-16-54-50.local.).Timer" daemon [_thread_blocked, id=2096, stack(0x28210000,0x28260000)]
  0x2764dc00 JavaThread "JmDNS(172-16-54-50.local.).State.Timer" [_thread_blocked, id=5864, stack(0x28180000,0x281d0000)]
  0x27650400 JavaThread "JmDNS(172-16-54-50.local.).Timer" daemon [_thread_blocked, id=9844, stack(0x280f0000,0x28140000)]
  0x27651000 JavaThread "SocketListener(172-16-54-50.local.)" daemon [_thread_in_native, id=10076, stack(0x26520000,0x26570000)]
  0x275eec00 JavaThread "cc.arduino.packages.discoverers.network.BoardReachabilityFilter" [_thread_blocked, id=8352, stack(0x28040000,0x28090000)]
  0x275ee800 JavaThread "cc.arduino.packages.discoverers.network.NetworkChecker" [_thread_blocked, id=9740, stack(0x27fb0000,0x28000000)]
=>0x275ee000 JavaThread "cc.arduino.packages.discoverers.serial.SerialBoardsLister" [_thread_in_native, id=8384, stack(0x02ca0000,0x02cf0000)]
  0x260a8400 JavaThread "AWT-Windows" daemon [_thread_in_native, id=9456, stack(0x265b0000,0x26600000)]
  0x260a6c00 JavaThread "Java2D Disposer" daemon [_thread_blocked, id=9484, stack(0x26490000,0x264e0000)]
  0x25940400 JavaThread "Service Thread" daemon [_thread_blocked, id=9260, stack(0x25e80000,0x25ed0000)]
  0x2594b800 JavaThread "C1 CompilerThread0" daemon [_thread_blocked, id=6980, stack(0x25df0000,0x25e40000)]
  0x2594a400 JavaThread "Attach Listener" daemon [_thread_blocked, id=4904, stack(0x25d60000,0x25db0000)]
  0x25948400 JavaThread "Signal Dispatcher" daemon [_thread_blocked, id=7476, stack(0x25cd0000,0x25d20000)]
  0x2592a400 JavaThread "Finalizer" daemon [_thread_blocked, id=8452, stack(0x25b50000,0x25ba0000)]
  0x25914400 JavaThread "Reference Handler" daemon [_thread_blocked, id=8672, stack(0x053b0000,0x05400000)]

Other Threads:
  0x02bad800 VMThread [stack: 0x02d00000,0x02d50000] [id=5592]
  0x25946000 WatcherThread [stack: 0x25f10000,0x25f60000] [id=4816]

VM state:not at safepoint (normal execution)

VM Mutex/Monitor currently owned by a thread: None

Heap:
 def new generation   total 39424K, used 25071K [0x05400000, 0x07ec0000, 0x0fea0000)
  eden space 35072K,  65% used [0x05400000, 0x06a82430, 0x07640000)
  from space 4352K,  46% used [0x07640000, 0x07839a68, 0x07a80000)
  to   space 4352K,   0% used [0x07a80000, 0x07a80000, 0x07ec0000)
 tenured generation   total 87424K, used 41604K [0x0fea0000, 0x15400000, 0x25400000)
   the space 87424K,  47% used [0x0fea0000, 0x127412d8, 0x12741400, 0x15400000)
 Metaspace       used 19114K, capacity 19568K, committed 19712K, reserved 19840K

Card table byte_map: [0x05260000,0x05370000] byte_map_base: 0x05236000

Polling page: 0x01320000

CodeCache: size=32768Kb used=2345Kb max_used=3924Kb free=30422Kb
 bounds [0x02ea0000, 0x03278000, 0x04ea0000]
 total_blobs=1378 nmethods=1099 adapters=208
 compilation: enabled

Compilation events (10 events):
Event: 5296.679 Thread 0x2594b800 11456             java.net.InetAddress$InetAddressHolder::<init> (5 bytes)
Event: 5296.679 Thread 0x2594b800 nmethod 11456 0x03077f48 code [0x03078040, 0x030780c0]
Event: 5296.683 Thread 0x2594b800 11457             java.util.HashMap::resize (359 bytes)
Event: 5296.684 Thread 0x2594b800 nmethod 11457 0x031ad388 code [0x031ad4f0, 0x031adafc]
Event: 5314.656 Thread 0x2594b800 11458   !         cc.arduino.packages.discoverers.network.NetworkChecker::run (143 bytes)
Event: 5314.660 Thread 0x2594b800 nmethod 11458 0x0306d8c8 code [0x0306da90, 0x0306e038]
Event: 5332.146 Thread 0x2594b800 11459             java.util.TaskQueue::fixDown (108 bytes)
Event: 5332.146 Thread 0x2594b800 nmethod 11459 0x032300c8 code [0x032301e0, 0x03230470]
Event: 5335.671 Thread 0x2594b800 11460             java.net.InetAddress::<init> (21 bytes)
Event: 5335.671 Thread 0x2594b800 nmethod 11460 0x031ab788 code [0x031ab880, 0x031ab960]

GC Heap History (10 events):
Event: 4369.533 GC heap before
{Heap before GC invocations=188 (full 1):
 def new generation   total 39424K, used 35900K [0x05400000, 0x07ec0000, 0x0fea0000)
  eden space 35072K, 100% used [0x05400000, 0x07640000, 0x07640000)
  from space 4352K,  19% used [0x07a80000, 0x07b4f310, 0x07ec0000)
  to   space 4352K,   0% used [0x07640000, 0x07640000, 0x07a80000)
 tenured generation   total 87424K, used 41602K [0x0fea0000, 0x15400000, 0x25400000)
   the space 87424K,  47% used [0x0fea0000, 0x127409e8, 0x12740a00, 0x15400000)
 Metaspace       used 19108K, capacity 19566K, committed 19712K, reserved 19840K
Event: 4369.535 GC heap after
Heap after GC invocations=189 (full 1):
 def new generation   total 39424K, used 979K [0x05400000, 0x07ec0000, 0x0fea0000)
  eden space 35072K,   0% used [0x05400000, 0x05400000, 0x07640000)
  from space 4352K,  22% used [0x07640000, 0x07734c58, 0x07a80000)
  to   space 4352K,   0% used [0x07a80000, 0x07a80000, 0x07ec0000)
 tenured generation   total 87424K, used 41603K [0x0fea0000, 0x15400000, 0x25400000)
   the space 87424K,  47% used [0x0fea0000, 0x12740d68, 0x12740e00, 0x15400000)
 Metaspace       used 19108K, capacity 19566K, committed 19712K, reserved 19840K
}
Event: 4600.363 GC heap before
{Heap before GC invocations=189 (full 1):
 def new generation   total 39424K, used 36051K [0x05400000, 0x07ec0000, 0x0fea0000)
  eden space 35072K, 100% used [0x05400000, 0x07640000, 0x07640000)
  from space 4352K,  22% used [0x07640000, 0x07734c58, 0x07a80000)
  to   space 4352K,   0% used [0x07a80000, 0x07a80000, 0x07ec0000)
 tenured generation   total 87424K, used 41603K [0x0fea0000, 0x15400000, 0x25400000)
   the space 87424K,  47% used [0x0fea0000, 0x12740d68, 0x12740e00, 0x15400000)
 Metaspace       used 19108K, capacity 19566K, committed 19712K, reserved 19840K
Event: 4600.369 GC heap after
Heap after GC invocations=190 (full 1):
 def new generation   total 39424K, used 1124K [0x05400000, 0x07ec0000, 0x0fea0000)
  eden space 35072K,   0% used [0x05400000, 0x05400000, 0x07640000)
  from space 4352K,  25% used [0x07a80000, 0x07b99338, 0x07ec0000)
  to   space 4352K,   0% used [0x07640000, 0x07640000, 0x07a80000)
 tenured generation   total 87424K, used 41604K [0x0fea0000, 0x15400000, 0x25400000)
   the space 87424K,  47% used [0x0fea0000, 0x127412d8, 0x12741400, 0x15400000)
 Metaspace       used 19108K, capacity 19566K, committed 19712K, reserved 19840K
}
Event: 4789.605 GC heap before
{Heap before GC invocations=190 (full 1):
 def new generation   total 39424K, used 36196K [0x05400000, 0x07ec0000, 0x0fea0000)
  eden space 35072K, 100% used [0x05400000, 0x07640000, 0x07640000)
  from space 4352K,  25% used [0x07a80000, 0x07b99338, 0x07ec0000)
  to   space 4352K,   0% used [0x07640000, 0x07640000, 0x07a80000)
 tenured generation   total 87424K, used 41604K [0x0fea0000, 0x15400000, 0x25400000)
   the space 87424K,  47% used [0x0fea0000, 0x127412d8, 0x12741400, 0x15400000)
 Metaspace       used 19114K, capacity 19568K, committed 19712K, reserved 19840K
Event: 4789.611 GC heap after
Heap after GC invocations=191 (full 1):
 def new generation   total 39424K, used 1262K [0x05400000, 0x07ec0000, 0x0fea0000)
  eden space 35072K,   0% used [0x05400000, 0x05400000, 0x07640000)
  from space 4352K,  29% used [0x07640000, 0x0777ba60, 0x07a80000)
  to   space 4352K,   0% used [0x07a80000, 0x07a80000, 0x07ec0000)
 tenured generation   total 87424K, used 41604K [0x0fea0000, 0x15400000, 0x25400000)
   the space 87424K,  47% used [0x0fea0000, 0x127412d8, 0x12741400, 0x15400000)
 Metaspace       used 19114K, capacity 19568K, committed 19712K, reserved 19840K
}
Event: 4931.662 GC heap before
{Heap before GC invocations=191 (full 1):
 def new generation   total 39424K, used 36334K [0x05400000, 0x07ec0000, 0x0fea0000)
  eden space 35072K, 100% used [0x05400000, 0x07640000, 0x07640000)
  from space 4352K,  29% used [0x07640000, 0x0777ba60, 0x07a80000)
  to   space 4352K,   0% used [0x07a80000, 0x07a80000, 0x07ec0000)
 tenured generation   total 87424K, used 41604K [0x0fea0000, 0x15400000, 0x25400000)
   the space 87424K,  47% used [0x0fea0000, 0x127412d8, 0x12741400, 0x15400000)
 Metaspace       used 19114K, capacity 19568K, committed 19712K, reserved 19840K
Event: 4931.665 GC heap after
Heap after GC invocations=192 (full 1):
 def new generation   total 39424K, used 1328K [0x05400000, 0x07ec0000, 0x0fea0000)
  eden space 35072K,   0% used [0x05400000, 0x05400000, 0x07640000)
  from space 4352K,  30% used [0x07a80000, 0x07bcc1e0, 0x07ec0000)
  to   space 4352K,   0% used [0x07640000, 0x07640000, 0x07a80000)
 tenured generation   total 87424K, used 41604K [0x0fea0000, 0x15400000, 0x25400000)
   the space 87424K,  47% used [0x0fea0000, 0x127412d8, 0x12741400, 0x15400000)
 Metaspace       used 19114K, capacity 19568K, committed 19712K, reserved 19840K
}
Event: 5097.001 GC heap before
{Heap before GC invocations=192 (full 1):
 def new generation   total 39424K, used 36400K [0x05400000, 0x07ec0000, 0x0fea0000)
  eden space 35072K, 100% used [0x05400000, 0x07640000, 0x07640000)
  from space 4352K,  30% used [0x07a80000, 0x07bcc1e0, 0x07ec0000)
  to   space 4352K,   0% used [0x07640000, 0x07640000, 0x07a80000)
 tenured generation   total 87424K, used 41604K [0x0fea0000, 0x15400000, 0x25400000)
   the space 87424K,  47% used [0x0fea0000, 0x127412d8, 0x12741400, 0x15400000)
 Metaspace       used 19114K, capacity 19568K, committed 19712K, reserved 19840K
Event: 5097.010 GC heap after
Heap after GC invocations=193 (full 1):
 def new generation   total 39424K, used 2022K [0x05400000, 0x07ec0000, 0x0fea0000)
  eden space 35072K,   0% used [0x05400000, 0x05400000, 0x07640000)
  from space 4352K,  46% used [0x07640000, 0x07839a68, 0x07a80000)
  to   space 4352K,   0% used [0x07a80000, 0x07a80000, 0x07ec0000)
 tenured generation   total 87424K, used 41604K [0x0fea0000, 0x15400000, 0x25400000)
   the space 87424K,  47% used [0x0fea0000, 0x127412d8, 0x12741400, 0x15400000)
 Metaspace       used 19114K, capacity 19568K, committed 19712K, reserved 19840K
}

Deoptimization events (0 events):
No events

Internal exceptions (10 events):
Event: 5108.624 Thread 0x27759c00 Exception <a 'sun/nio/fs/WindowsException'> (0x056f2308) thrown at [C:\workspace\8-2-build-windows-i586-cygwin\jdk8u92\6642\hotspot\src\share\vm\prims\jni.cpp, line 709]
Event: 5108.624 Thread 0x27759c00 Exception <a 'sun/nio/fs/WindowsException'> (0x056f2860) thrown at [C:\workspace\8-2-build-windows-i586-cygwin\jdk8u92\6642\hotspot\src\share\vm\prims\jni.cpp, line 709]
Event: 5112.286 Thread 0x27759c00 Exception <a 'java/io/IOException'> (0x057d5500) thrown at [C:\workspace\8-2-build-windows-i586-cygwin\jdk8u92\6642\hotspot\src\share\vm\prims\jni.cpp, line 709]
Event: 5112.286 Thread 0x27759c00 Exception <a 'java/io/IOException'> (0x057d5748) thrown at [C:\workspace\8-2-build-windows-i586-cygwin\jdk8u92\6642\hotspot\src\share\vm\prims\jni.cpp, line 709]
Event: 5112.287 Thread 0x27759c00 Exception <a 'java/io/IOException'> (0x05808030) thrown at [C:\workspace\8-2-build-windows-i586-cygwin\jdk8u92\6642\hotspot\src\share\vm\prims\jni.cpp, line 709]
Event: 5112.287 Thread 0x27759c00 Exception <a 'java/io/IOException'> (0x058083d0) thrown at [C:\workspace\8-2-build-windows-i586-cygwin\jdk8u92\6642\hotspot\src\share\vm\prims\jni.cpp, line 709]
Event: 5112.287 Thread 0x27759c00 Exception <a 'java/io/IOException'> (0x05808618) thrown at [C:\workspace\8-2-build-windows-i586-cygwin\jdk8u92\6642\hotspot\src\share\vm\prims\jni.cpp, line 709]
Event: 5112.287 Thread 0x27759c00 Exception <a 'java/io/IOException'> (0x0580b5c0) thrown at [C:\workspace\8-2-build-windows-i586-cygwin\jdk8u92\6642\hotspot\src\share\vm\prims\jni.cpp, line 709]
Event: 5112.287 Thread 0x27759c00 Exception <a 'java/io/IOException'> (0x0580b960) thrown at [C:\workspace\8-2-build-windows-i586-cygwin\jdk8u92\6642\hotspot\src\share\vm\prims\jni.cpp, line 709]
Event: 5112.287 Thread 0x27759c00 Exception <a 'java/io/IOException'> (0x0580bba8) thrown at [C:\workspace\8-2-build-windows-i586-cygwin\jdk8u92\6642\hotspot\src\share\vm\prims\jni.cpp, line 709]

Events (10 events):
Event: 5296.680 Thread 0x2594b800 flushing nmethod 0x03246d88
Event: 5332.147 Thread 0x2594b800 flushing nmethod 0x02f8ed88
Event: 5332.147 Thread 0x2594b800 flushing nmethod 0x02fbc4c8
Event: 5335.671 Thread 0x2594b800 flushing nmethod 0x02ff7308
Event: 5335.671 Thread 0x2594b800 flushing nmethod 0x02ff7708
Event: 5335.671 Thread 0x2594b800 flushing nmethod 0x03022888
Event: 5335.671 Thread 0x2594b800 flushing nmethod 0x0305eec8
Event: 5335.671 Thread 0x2594b800 flushing nmethod 0x0305f9c8
Event: 5335.671 Thread 0x2594b800 flushing nmethod 0x0311f088
Event: 5335.671 Thread 0x2594b800 flushing nmethod 0x0311f408


Dynamic libraries:
0x00d00000 - 0x00d33000 	C:\Program Files (x86)\Arduino\java\bin\javaw.exe
0x771a0000 - 0x77322000 	C:\WINDOWS\SYSTEM32\ntdll.dll
0x74d60000 - 0x74e40000 	C:\WINDOWS\System32\KERNEL32.DLL
0x74350000 - 0x744f1000 	C:\WINDOWS\System32\KERNELBASE.dll
0x73e00000 - 0x73e77000 	C:\WINDOWS\System32\ADVAPI32.dll
0x73e80000 - 0x73f3e000 	C:\WINDOWS\System32\msvcrt.dll
0x74970000 - 0x749b1000 	C:\WINDOWS\System32\sechost.dll
0x73c60000 - 0x73d21000 	C:\WINDOWS\System32\RPCRT4.dll
0x73c40000 - 0x73c5e000 	C:\WINDOWS\System32\SspiCli.dll
0x73c30000 - 0x73c3a000 	C:\WINDOWS\System32\CRYPTBASE.dll
0x74180000 - 0x741da000 	C:\WINDOWS\System32\bcryptPrimitives.dll
0x75140000 - 0x7529f000 	C:\WINDOWS\System32\USER32.dll
0x749c0000 - 0x749d5000 	C:\WINDOWS\System32\win32u.dll
0x74bd0000 - 0x74bfb000 	C:\WINDOWS\System32\GDI32.dll
0x74c00000 - 0x74d5b000 	C:\WINDOWS\System32\gdi32full.dll
0x6f6e0000 - 0x6f8ea000 	C:\WINDOWS\WinSxS\x86_microsoft.windows.common-controls_6595b64144ccf1df_6.0.14393.447_none_89c64d28dafea4b9\COMCTL32.dll
0x74e50000 - 0x75061000 	C:\WINDOWS\System32\combase.dll
0x749e0000 - 0x74ac0000 	C:\WINDOWS\System32\ucrtbase.dll
0x75110000 - 0x75135000 	C:\WINDOWS\System32\IMM32.DLL
0x6d1d0000 - 0x6d28f000 	C:\Program Files (x86)\Arduino\java\bin\msvcr100.dll
0x6ca50000 - 0x6ce1b000 	C:\Program Files (x86)\Arduino\java\bin\client\jvm.dll
0x74e40000 - 0x74e46000 	C:\WINDOWS\System32\PSAPI.DLL
0x72df0000 - 0x72df8000 	C:\WINDOWS\SYSTEM32\WSOCK32.dll
0x73230000 - 0x73238000 	C:\WINDOWS\SYSTEM32\VERSION.dll
0x71a70000 - 0x71a94000 	C:\WINDOWS\SYSTEM32\WINMM.dll
0x74b60000 - 0x74bc3000 	C:\WINDOWS\System32\WS2_32.dll
0x70cb0000 - 0x70cd3000 	C:\WINDOWS\SYSTEM32\WINMMBASE.dll
0x74140000 - 0x74176000 	C:\WINDOWS\System32\cfgmgr32.dll
0x6f4e0000 - 0x6f511000 	C:\Program Files (x86)\Arduino\java\bin\splashscreen.dll
0x73bb0000 - 0x73c25000 	C:\WINDOWS\system32\uxtheme.dll
0x6f4d0000 - 0x6f4dc000 	C:\Program Files (x86)\Arduino\java\bin\verify.dll
0x74590000 - 0x746c5000 	C:\WINDOWS\System32\MSCTF.dll
0x74ac0000 - 0x74b54000 	C:\WINDOWS\System32\OLEAUT32.dll
0x741e0000 - 0x7425b000 	C:\WINDOWS\System32\msvcp_win.dll
0x6ca20000 - 0x6ca41000 	C:\Program Files (x86)\Arduino\java\bin\java.dll
0x6ca00000 - 0x6ca13000 	C:\Program Files (x86)\Arduino\java\bin\zip.dll
0x748c0000 - 0x748cd000 	C:\WINDOWS\System32\kernel.appcore.dll
0x75980000 - 0x76d59000 	C:\WINDOWS\System32\SHELL32.dll
0x752a0000 - 0x7580e000 	C:\WINDOWS\System32\windows.storage.dll
0x748d0000 - 0x74915000 	C:\WINDOWS\System32\powrprof.dll
0x74920000 - 0x74966000 	C:\WINDOWS\System32\shlwapi.dll
0x73f40000 - 0x73fc8000 	C:\WINDOWS\System32\shcore.dll
0x746d0000 - 0x746df000 	C:\WINDOWS\System32\profapi.dll
0x6c800000 - 0x6c945000 	C:\Program Files (x86)\Arduino\java\bin\awt.dll
0x6f8f0000 - 0x6f982000 	C:\WINDOWS\SYSTEM32\apphelp.dll
0x6f9b0000 - 0x6f9cf000 	C:\WINDOWS\system32\dwmapi.dll
0x74260000 - 0x7434a000 	C:\WINDOWS\System32\ole32.dll
0x61740000 - 0x6176c000 	C:\Program Files (x86)\Arduino\lib\listSerialsj.dll
0x76d60000 - 0x7716b000 	C:\WINDOWS\System32\SETUPAPI.dll
0x731d0000 - 0x731e3000 	C:\WINDOWS\SYSTEM32\CRYPTSP.dll
0x730c0000 - 0x730ef000 	C:\WINDOWS\system32\rsaenh.dll
0x72e00000 - 0x72e1b000 	C:\WINDOWS\SYSTEM32\bcrypt.dll
0x73240000 - 0x7325a000 	C:\WINDOWS\SYSTEM32\USERENV.dll
0x6c7b0000 - 0x6c7c6000 	C:\Program Files (x86)\Arduino\java\bin\net.dll
0x70320000 - 0x7036e000 	C:\WINDOWS\system32\mswsock.dll
0x73200000 - 0x7322f000 	C:\WINDOWS\SYSTEM32\IPHLPAPI.DLL
0x77170000 - 0x77177000 	C:\WINDOWS\System32\NSI.dll
0x70400000 - 0x70413000 	C:\WINDOWS\SYSTEM32\dhcpcsvc6.DLL
0x70370000 - 0x70384000 	C:\WINDOWS\SYSTEM32\dhcpcsvc.DLL
0x6c7a0000 - 0x6c7af000 	C:\Program Files (x86)\Arduino\java\bin\nio.dll
0x26fd0000 - 0x2700d000 	C:\Users\Christopher Mirabal\AppData\Local\Temp\jna-558797561\jna6382752192906677977.dll
0x6c680000 - 0x6c6b9000 	C:\Program Files (x86)\Arduino\java\bin\fontmanager.dll
0x6c640000 - 0x6c672000 	C:\Program Files (x86)\Arduino\java\bin\t2k.dll
0x6c7d0000 - 0x6c7f2000 	C:\WINDOWS\SYSTEM32\DEVOBJ.dll
0x73d30000 - 0x73d74000 	C:\WINDOWS\System32\WINTRUST.dll
0x74120000 - 0x7412e000 	C:\WINDOWS\System32\MSASN1.dll
0x746e0000 - 0x7485d000 	C:\WINDOWS\System32\CRYPT32.dll
0x70270000 - 0x702ec000 	C:\WINDOWS\SYSTEM32\DNSAPI.dll
0x701f0000 - 0x701f8000 	C:\Windows\System32\rasadhlp.dll
0x6b290000 - 0x6b2f9000 	C:\Program Files (x86)\Arduino\msvcp100.dll
0x66b40000 - 0x66bfe000 	C:\Program Files (x86)\Arduino\msvcr100.dll
0x286c0000 - 0x286f2000 	C:\Program Files (x86)\Arduino\lib\AStylej.dll
0x69940000 - 0x69964000 	C:\Program Files (x86)\Arduino\java\bin\dcpr.dll
0x74500000 - 0x74584000 	C:\WINDOWS\System32\clbcatq.dll
0x63e60000 - 0x63fce000 	C:\WINDOWS\SYSTEM32\WindowsCodecs.dll
0x664d0000 - 0x66514000 	C:\WINDOWS\system32\dataexchange.dll
0x63910000 - 0x63b3f000 	C:\WINDOWS\system32\d3d11.dll
0x63b40000 - 0x63c53000 	C:\WINDOWS\system32\dcomp.dll
0x63880000 - 0x63904000 	C:\WINDOWS\system32\dxgi.dll
0x63780000 - 0x63871000 	C:\WINDOWS\system32\twinapi.appcore.dll
0x6fcb0000 - 0x6fcf9000 	C:\WINDOWS\System32\fwpuclnt.dll
0x64000000 - 0x6401b000 	C:\Users\Christopher Mirabal\.jssc\windows\jSSC-2.8_x86.dll
0x70c10000 - 0x70ca4000 	C:\WINDOWS\WinSxS\x86_microsoft.windows.common-controls_6595b64144ccf1df_5.82.14393.447_none_5507ded2cb4f7f4c\comctl32.dll
0x74030000 - 0x74115000 	C:\WINDOWS\System32\COMDLG32.dll
0x73a60000 - 0x73baf000 	C:\WINDOWS\system32\propsys.dll
0x66380000 - 0x663fb000 	C:\Program Files (x86)\Common Files\microsoft shared\ink\tiptsf.dll
0x73a20000 - 0x73a5d000 	C:\WINDOWS\SYSTEM32\edputil.dll
0x66250000 - 0x66374000 	C:\WINDOWS\system32\NetworkExplorer.dll
0x66200000 - 0x66243000 	C:\Windows\System32\thumbcache.dll
0x66130000 - 0x661f1000 	C:\WINDOWS\SYSTEM32\ntshrui.dll
0x70b80000 - 0x70b9c000 	C:\WINDOWS\SYSTEM32\srvcli.dll
0x72a80000 - 0x72a8f000 	C:\WINDOWS\SYSTEM32\cscapi.dll
0x660a0000 - 0x66125000 	C:\WINDOWS\System32\StructuredQuery.dll
0x65ff0000 - 0x6609f000 	C:\WINDOWS\system32\Windows.Storage.Search.dll
0x71b20000 - 0x71b2a000 	C:\WINDOWS\SYSTEM32\Secur32.dll
0x65e40000 - 0x65feb000 	C:\Users\Christopher Mirabal\AppData\Local\Microsoft\OneDrive\17.3.6517.0809\FileSyncShell.dll
0x6f1e0000 - 0x6f2ce000 	C:\Users\Christopher Mirabal\AppData\Local\Microsoft\OneDrive\17.3.6517.0809\MSVCR120.dll
0x6f430000 - 0x6f4a1000 	C:\Users\Christopher Mirabal\AppData\Local\Microsoft\OneDrive\17.3.6517.0809\MSVCP120.dll
0x6ea60000 - 0x6eaaf000 	C:\Users\Christopher Mirabal\AppData\Local\Microsoft\OneDrive\17.3.6517.0809\Telemetry.dll
0x72b40000 - 0x72d6f000 	C:\WINDOWS\SYSTEM32\WININET.dll
0x6f4b0000 - 0x6f4d0000 	C:\Users\Christopher Mirabal\AppData\Local\Microsoft\OneDrive\17.3.6517.0809\LoggingPlatform.DLL
0x6e5b0000 - 0x6e5d1000 	C:\WINDOWS\SYSTEM32\Cabinet.dll
0x72aa0000 - 0x72b40000 	C:\WINDOWS\SYSTEM32\WINHTTP.dll
0x6f2d0000 - 0x6f425000 	C:\Users\Christopher Mirabal\AppData\Local\Microsoft\OneDrive\17.3.6517.0809\ClientTelemetry.dll
0x65e20000 - 0x65e32000 	C:\WINDOWS\system32\mssprxy.dll
0x56f40000 - 0x570c5000 	C:\Windows\System32\ActXPrxy.dll
0x65de0000 - 0x65e1f000 	C:\WINDOWS\SYSTEM32\policymanager.dll
0x65d70000 - 0x65dd7000 	C:\WINDOWS\SYSTEM32\msvcp110_win.dll
0x65d60000 - 0x65d6d000 	C:\WINDOWS\SYSTEM32\LINKINFO.dll
0x65c30000 - 0x65d60000 	C:\Windows\System32\dfshim.dll
0x6c5e0000 - 0x6c639000 	C:\Windows\System32\mscoree.dll
0x73880000 - 0x73a14000 	C:\Windows\System32\urlmon.dll
0x73650000 - 0x73879000 	C:\Windows\System32\iertutil.dll
0x6c560000 - 0x6c5dd000 	C:\Windows\Microsoft.NET\Framework\v4.0.30319\mscoreei.dll
0x65c00000 - 0x65c28000 	C:\Windows\Microsoft.NET\Framework\v4.0.30319\dfdll.dll
0x56020000 - 0x56701000 	C:\Windows\Microsoft.NET\Framework\v4.0.30319\clr.dll
0x55f20000 - 0x56015000 	C:\WINDOWS\SYSTEM32\MSVCR120_CLR0400.dll
0x724a0000 - 0x725e5000 	C:\WINDOWS\SYSTEM32\dbghelp.dll

VM Arguments:
jvm_args: -Dsun.java2d.d3d=false -Djna.nosys=true -DAPP_DIR=C:\Program Files (x86)\Arduino -Xms128M -Xmx512M 
java_command: processing.app.Base C:\Users\Christopher Mirabal\Code\ArduinoParallaxJoystick\sketch_controller\sketch_controller.ino
java_class_path (initial): C:\Program Files (x86)\Arduino\lib\apple.jar;C:\Program Files (x86)\Arduino\lib\arduino-core.jar;C:\Program Files (x86)\Arduino\lib\batik-1.8.jar;C:\Program Files (x86)\Arduino\lib\batik-anim-1.8.jar;C:\Program Files (x86)\Arduino\lib\batik-awt-util-1.8.jar;C:\Program Files (x86)\Arduino\lib\batik-bridge-1.8.jar;C:\Program Files (x86)\Arduino\lib\batik-codec-1.8.jar;C:\Program Files (x86)\Arduino\lib\batik-css-1.8.jar;C:\Program Files (x86)\Arduino\lib\batik-dom-1.8.jar;C:\Program Files (x86)\Arduino\lib\batik-ext-1.8.jar;C:\Program Files (x86)\Arduino\lib\batik-gvt-1.8.jar;C:\Program Files (x86)\Arduino\lib\batik-parser-1.8.jar;C:\Program Files (x86)\Arduino\lib\batik-rasterizer-1.8.jar;C:\Program Files (x86)\Arduino\lib\batik-script-1.8.jar;C:\Program Files (x86)\Arduino\lib\batik-squiggle-1.8.jar;C:\Program Files (x86)\Arduino\lib\batik-svg-dom-1.8.jar;C:\Program Files (x86)\Arduino\lib\batik-svgpp-1.8.jar;C:\Program Files (x86)\Arduino\lib\batik-transcoder-1.8.jar;C:\Program Files (x86)\Arduino\lib\batik-util-1.8.jar;C:\Program Files (x86)\Arduino\lib\batik-xml-1.8.jar;C:\Program Files (x86)\Arduino\lib\bcpg-jdk15on-152.jar;C:\Program Files (x86)\Arduino\lib\bcprov-jdk15on-152.jar;C:\Program Files (x86)\Arduino\lib\commons-codec-1.7.jar;C:\Program Files (x86)\Arduino\lib\commons-compress-1.8.jar;C:\Program Files (x86)\Arduino\lib\commons-exec-1.1.jar;C:\Program Files (x86)\Arduino\lib\commons-httpclient-3.1.jar;C:\Program Files (x86)\Arduino\lib\commons-lang3-3.3.2.jar;C:\Program Files (x86)\Arduino\lib\commons-logging-1.0.4.jar;C:\Program Files (x86)\Arduino\lib\commons-net-3.3.jar;C:\Program Files (x86)\Arduino\lib\jackson-annotations-2.6.3.jar;C:\Program Files (x86)\Arduino\lib\jackson-core-2.6.3.jar;C:\Program Files (x86)\Arduino\lib\jackson-databind-2.6.3.jar;C:\Program Files (x86)\Arduino\lib\jackson-module-mrbean-2.6.3.jar;C:\Program Files (x86)\Arduino\lib\java-semver-0.8.0.jar;C:\Program Files (x86)\Arduino\lib\jmdns-3.4.1.j
Launcher Type: SUN_STANDARD

Environment Variables:
CLASSPATH=.;C:\Program Files (x86)\QuickTime\QTSystem\QTJava.zip
PATH=C:\Program Files (x86)\Intel\iCLS Client\;C:\Program Files\Intel\iCLS Client\;C:\WINDOWS\system32;C:\WINDOWS;C:\WINDOWS\System32\Wbem;C:\WINDOWS\System32\WindowsPowerShell\v1.0\;C:\Program Files\Intel\Intel(R) Management Engine Components\DAL;C:\Program Files\Intel\Intel(R) Management Engine Components\IPT;C:\Program Files (x86)\Intel\Intel(R) Management Engine Components\DAL;C:\Program Files (x86)\Intel\Intel(R) Management Engine Components\IPT;C:\WINDOWS\system32\config\systemprofile\.dnx\bin;C:\Program Files\Microsoft DNX\Dnvm\;C:\Program Files (x86)\Windows Kits\8.1\Windows Performance Toolkit\;C:\Program Files\Microsoft SQL Server\130\Tools\Binn\;C:\Program Files (x86)\QuickTime\QTSystem\;C:\Users\Christopher Mirabal\AppData\Local\Microsoft\WindowsApps;;C:\Program Files (x86)\Arduino\java\bin
USERNAME=Christopher Mirabal
OS=Windows_NT
PROCESSOR_IDENTIFIER=Intel64 Family 6 Model 62 Stepping 4, GenuineIntel



---------------  S Y S T E M  ---------------

OS: Windows 10.0 , 64 bit Build 14393 (10.0.14393.0)

CPU:total 8 (4 cores per cpu, 2 threads per core) family 6 model 62 stepping 4, cmov, cx8, fxsr, mmx, sse, sse2, sse3, ssse3, sse4.1, sse4.2, popcnt, avx, aes, clmul, erms, ht, tsc, tscinvbit

Memory: 4k page, physical 16720040k(12922472k free), swap 33497256k(29136512k free)

vm_info: Java HotSpot(TM) Client VM (25.92-b14) for windows-x86 JRE (1.8.0_92-b14), built on Mar 31 2016 21:09:21 by "java_re" with MS VC++ 10.0 (VS2010)

time: Wed Dec 07 15:57:55 2016
elapsed time: 5348 seconds (0d 1h 29m 8s)

